#
# A fatal error has been detected by the Java Runtime Environment:
#
#  EXCEPTION_ACCESS_VIOLATION (0xc0000005) at pc=0x00007ffe751c3fe9, pid=13796, tid=16556
#
# JRE version: OpenJDK Runtime Environment Zulu17.40+19-CA (17.0.6+10) (build 17.0.6+10-LTS)
# Java VM: OpenJDK 64-Bit Server VM Zulu17.40+19-CA (17.0.6+10-LTS, mixed mode, sharing, tiered, compressed oops, compressed class ptrs, g1 gc, windows-amd64)
# Problematic frame:
# V  [jvm.dll+0x333fe9]
#
# No core dump will be written. Minidumps are not enabled by default on client versions of Windows
#
# If you would like to submit a bug report, please visit:
#   http://www.azul.com/support/
#

---------------  S U M M A R Y ------------

Command Line: -agentlib:jdwp=transport=dt_socket,address=127.0.0.1:53537,suspend=y,server=n -ea -Didea.test.cyclic.buffer.size=1048576 -javaagent:C:\Users\salmi\AppData\Local\JetBrains\Toolbox\apps\IDEA-U\ch-0\223.8617.56\plugins\java\lib\rt\debugger-agent.jar -Dfile.encoding=UTF-8 com.intellij.rt.junit.JUnitStarter -ideVersion5 -junit5 com.evergent.client.RestClientTest

Host: Intel(R) Core(TM) i7-7820X CPU @ 3.60GHz, 16 cores, 63G,  Windows 11 , 64 bit Build 22621 (10.0.22621.1194)
Time: Thu Feb  2 19:13:40 2023 Central Standard Time (Mexico) elapsed time: 1.292310 seconds (0d 0h 0m 1s)

---------------  T H R E A D  ---------------

Current thread (0x000002c1cf49c240):  JavaThread "C2 CompilerThread2" daemon [_thread_in_native, id=16556, stack(0x000000f7f5e00000,0x000000f7f5f00000)]


Current CompileTask:
C2:   1292 1971       4       java.lang.invoke.MethodType::makeImpl (109 bytes)

Stack: [0x000000f7f5e00000,0x000000f7f5f00000],  sp=0x000000f7f5efbb20,  free space=1006k
Native frames: (J=compiled Java code, j=interpreted, Vv=VM code, C=native code)
V  [jvm.dll+0x333fe9]
V  [jvm.dll+0x3314e7]
V  [jvm.dll+0x330cda]
V  [jvm.dll+0x218ad1]
V  [jvm.dll+0x217ef1]
V  [jvm.dll+0x1a40bd]
V  [jvm.dll+0x22787a]
V  [jvm.dll+0x2259d5]
V  [jvm.dll+0x7efcac]
V  [jvm.dll+0x7ea20a]
V  [jvm.dll+0x67b5d5]
C  [ucrtbase.dll+0x29363]
C  [KERNEL32.DLL+0x126bd]
C  [ntdll.dll+0x5dfb8]


siginfo: EXCEPTION_ACCESS_VIOLATION (0xc0000005), reading address 0x000077fe757ac6f0


Register to memory mapping:

RIP=0x00007ffe751c3fe9 jvm.dll
RAX=0x000077fe757ac648 is an unknown value
RBX=0x00000000000000ff is an unknown value
RCX=0x000002c1d2f57a40 points into unknown readable memory: 0x00007ffe757ac648 | 48 c6 7a 75 fe 7f 00 00
RDX=0x000002c1d27a40cc points into unknown readable memory: ff 3f 00 00
RSP=0x000000f7f5efbb20 is pointing into the stack for thread: 0x000002c1cf49c240
RBP=0x0000000000002fcb is an unknown value
RSI=0x000000f7f5efc060 is pointing into the stack for thread: 0x000002c1cf49c240
RDI=0x000000000000000d is an unknown value
R8 =0x0000000000002000 is an unknown value
R9 =0x0 is NULL
R10=0x000002c1d10d3090 points into unknown readable memory: 0x000002c1d266cfe0 | e0 cf 66 d2 c1 02 00 00
R11=0x000002c1d10d30d0 points into unknown readable memory: 0x000002c1d2e9fca8 | a8 fc e9 d2 c1 02 00 00
R12=0x000000000000009e is an unknown value
R13=0x000000000000009f is an unknown value
R14=0x000002c1d2f57a40 points into unknown readable memory: 0x00007ffe757ac648 | 48 c6 7a 75 fe 7f 00 00
R15=0x000002c1d29fb9a0 points into unknown readable memory: 0x000002c1d309ddc8 | c8 dd 09 d3 c1 02 00 00


Registers:
RAX=0x000077fe757ac648, RBX=0x00000000000000ff, RCX=0x000002c1d2f57a40, RDX=0x000002c1d27a40cc
RSP=0x000000f7f5efbb20, RBP=0x0000000000002fcb, RSI=0x000000f7f5efc060, RDI=0x000000000000000d
R8 =0x0000000000002000, R9 =0x0000000000000000, R10=0x000002c1d10d3090, R11=0x000002c1d10d30d0
R12=0x000000000000009e, R13=0x000000000000009f, R14=0x000002c1d2f57a40, R15=0x000002c1d29fb9a0
RIP=0x00007ffe751c3fe9, EFLAGS=0x0000000000010246

Top of Stack: (sp=0x000000f7f5efbb20)
0x000000f7f5efbb20:   000000f7f5efc060 00000000000000ff
0x000000f7f5efbb30:   0000000000002fcb 000000f7f5efc060
0x000000f7f5efbb40:   000002c1d29fb990 000002c1cf479930
0x000000f7f5efbb50:   0000000000000000 000002c1d2e969c8
0x000000f7f5efbb60:   000002c1d2e94410 000000f7f5efc060
0x000000f7f5efbb70:   000000000000260b 000000f7f5efbc90
0x000000f7f5efbb80:   00000000000002ed 00007ffe751c14e7
0x000000f7f5efbb90:   000000f7f5efc060 000000f7f5efbc28
0x000000f7f5efbba0:   000002c10000009f 000002c1cf3bb4f8
0x000000f7f5efbbb0:   000002c18cc90000 0000000000000010
0x000000f7f5efbbc0:   0000000000000401 0000000000000001
0x000000f7f5efbbd0:   000002c1d29fb900 0000000000004002
0x000000f7f5efbbe0:   000000018cc90000 000002c18cc90000
0x000000f7f5efbbf0:   0000000064006004 0000000000000400
0x000000f7f5efbc00:   0000000000000000 0000000000000cf9
0x000000f7f5efbc10:   0000000042004002 0000000000000000 

Instructions: (pc=0x00007ffe751c3fe9)
0x00007ffe751c3ee9:   41 5d 41 5c 5f c3 cc 48 89 54 24 10 48 89 4c 24
0x00007ffe751c3ef9:   08 53 55 56 57 41 54 41 55 41 56 41 57 48 83 ec
0x00007ffe751c3f09:   28 48 8b 41 08 48 8b f1 ba 08 00 00 00 8b a8 40
0x00007ffe751c3f19:   02 00 00 2b a8 68 02 00 00 83 c5 08 8b cd e8 a4
0x00007ffe751c3f29:   a0 01 00 4c 8b f8 85 ed 7e 11 44 8b c5 33 d2 49
0x00007ffe751c3f39:   c1 e0 03 48 8b c8 e8 1e 26 56 00 48 8b 5e 10 85
0x00007ffe751c3f49:   ed 75 12 bd 01 00 00 00 8b cd 8d 55 07 e8 75 a0
0x00007ffe751c3f59:   01 00 4c 8b f8 8b 15 94 2e 89 00 41 bc 01 00 00
0x00007ffe751c3f69:   00 65 48 8b 0c 25 58 00 00 00 49 89 1f 48 8d 04
0x00007ffe751c3f79:   d1 48 89 84 24 88 00 00 00 49 63 c4 45 8b ec 44
0x00007ffe751c3f89:   89 a4 24 80 00 00 00 41 ff cc 4d 8b 74 c7 f8 48
0x00007ffe751c3f99:   8b 44 24 78 41 8b 7e 28 8b df c1 eb 05 3b 18 72
0x00007ffe751c3fa9:   0f 8b d3 48 8b c8 e8 5c fa 4e 00 48 8b 44 24 78
0x00007ffe751c3fb9:   48 8b 40 08 83 e7 1f 48 8d 14 98 40 0f b6 cf 41
0x00007ffe751c3fc9:   b8 01 00 00 00 41 d3 e0 8b 0a 8b c1 41 0b c0 89
0x00007ffe751c3fd9:   02 41 85 c8 0f 85 9a 02 00 00 49 8b 06 49 8b ce
0x00007ffe751c3fe9:   ff 90 a8 00 00 00 84 c0 74 65 41 8b 46 28 3b 46
0x00007ffe751c3ff9:   68 73 0d 8b c8 48 8b 46 78 48 83 3c c8 00 75 4f
0x00007ffe751c4009:   49 8b d6 48 8b ce e8 1c f3 ff ff 49 8b 46 08 48
0x00007ffe751c4019:   8b 08 8b 51 2c 8b c2 24 3f 3c 20 75 09 48 8b 41
0x00007ffe751c4029:   08 48 3b 08 eb 06 83 e2 0f 80 fa 09 0f 94 c0 84
0x00007ffe751c4039:   c0 75 06 48 8b 41 08 eb d6 8b 41 28 49 8b d6 4c
0x00007ffe751c4049:   8b 46 78 48 8b ce 4d 8b 04 c0 e8 58 fd ff ff 41
0x00007ffe751c4059:   8b 7e 1c 33 f6 ff cf 41 3b 7e 18 0f 82 53 01 00
0x00007ffe751c4069:   00 4c 8b 6c 24 70 90 49 8b 46 08 48 8b 1c f8 48
0x00007ffe751c4079:   85 db 0f 84 8e 00 00 00 48 8b 03 48 8b cb ff 50
0x00007ffe751c4089:   20 48 85 c0 75 58 8b 4b 2c 8b c1 24 3f 3c 20 75
0x00007ffe751c4099:   09 48 8b 43 08 48 3b 18 eb 07 8b c1 83 e0 0f 3c
0x00007ffe751c40a9:   09 0f 94 c0 84 c0 75 36 80 e1 03 80 f9 02 75 13
0x00007ffe751c40b9:   48 8b 03 48 8b cb ff 90 48 01 00 00 3d 14 01 00
0x00007ffe751c40c9:   00 74 1b 8b 43 2c 24 0f 3c 08 75 3a 48 8b 03 48
0x00007ffe751c40d9:   8b cb ff 50 28 48 3b 05 fb 9f 88 00 75 28 8b d7 


Stack slot to memory mapping:
stack at sp + 0 slots: 0x000000f7f5efc060 is pointing into the stack for thread: 0x000002c1cf49c240
stack at sp + 1 slots: 0x00000000000000ff is an unknown value
stack at sp + 2 slots: 0x0000000000002fcb is an unknown value
stack at sp + 3 slots: 0x000000f7f5efc060 is pointing into the stack for thread: 0x000002c1cf49c240
stack at sp + 4 slots: 0x000002c1d29fb990 points into unknown readable memory: 0x000002c1d27a3cc0 | c0 3c 7a d2 c1 02 00 00
stack at sp + 5 slots: 0x000002c1cf479930 points into unknown readable memory: 0x0000000000000006 | 06 00 00 00 00 00 00 00
stack at sp + 6 slots: 0x0 is NULL
stack at sp + 7 slots: 0x000002c1d2e969c8 points into unknown readable memory: 0x0894ed4a7ffa33af | af 33 fa 7f 4a ed 94 08


---------------  P R O C E S S  ---------------

Threads class SMR info:
_java_thread_list=0x000002c1cf54b260, length=20, elements={
0x000002c18efed9f0, 0x000002c1cf2ea220, 0x000002c1cf2eb1b0, 0x000002c1cf2ff960,
0x000002c1cf300320, 0x000002c1cf302070, 0x000002c1cf304a20, 0x000002c1cf30dbf0,
0x000002c1cf315630, 0x000002c1cf319350, 0x000002c1cf2e0140, 0x000002c1cf42c320,
0x000002c1cf42cc50, 0x000002c1cf446070, 0x000002c1cf468380, 0x000002c1cf49c240,
0x000002c1cf4c6050, 0x000002c1cf560540, 0x000002c1cf568a50, 0x000002c1d0011390
}

Java Threads: ( => current thread )
  0x000002c18efed9f0 JavaThread "main" [_thread_blocked, id=14356, stack(0x000000f7f4900000,0x000000f7f4a00000)]
  0x000002c1cf2ea220 JavaThread "Reference Handler" daemon [_thread_blocked, id=2496, stack(0x000000f7f5000000,0x000000f7f5100000)]
  0x000002c1cf2eb1b0 JavaThread "Finalizer" daemon [_thread_blocked, id=22696, stack(0x000000f7f5100000,0x000000f7f5200000)]
  0x000002c1cf2ff960 JavaThread "Signal Dispatcher" daemon [_thread_blocked, id=22740, stack(0x000000f7f5200000,0x000000f7f5300000)]
  0x000002c1cf300320 JavaThread "Attach Listener" daemon [_thread_blocked, id=21796, stack(0x000000f7f5300000,0x000000f7f5400000)]
  0x000002c1cf302070 JavaThread "Service Thread" daemon [_thread_blocked, id=8316, stack(0x000000f7f5400000,0x000000f7f5500000)]
  0x000002c1cf304a20 JavaThread "Monitor Deflation Thread" daemon [_thread_blocked, id=19620, stack(0x000000f7f5500000,0x000000f7f5600000)]
  0x000002c1cf30dbf0 JavaThread "C2 CompilerThread0" daemon [_thread_blocked, id=10404, stack(0x000000f7f5600000,0x000000f7f5700000)]
  0x000002c1cf315630 JavaThread "C1 CompilerThread0" daemon [_thread_blocked, id=22232, stack(0x000000f7f5700000,0x000000f7f5800000)]
  0x000002c1cf319350 JavaThread "Sweeper thread" daemon [_thread_blocked, id=7144, stack(0x000000f7f5800000,0x000000f7f5900000)]
  0x000002c1cf2e0140 JavaThread "Common-Cleaner" daemon [_thread_blocked, id=22956, stack(0x000000f7f5900000,0x000000f7f5a00000)]
  0x000002c1cf42c320 JavaThread "C1 CompilerThread1" daemon [_thread_blocked, id=22284, stack(0x000000f7f5a00000,0x000000f7f5b00000)]
  0x000002c1cf42cc50 JavaThread "C1 CompilerThread2" daemon [_thread_blocked, id=21760, stack(0x000000f7f5b00000,0x000000f7f5c00000)]
  0x000002c1cf446070 JavaThread "C1 CompilerThread3" daemon [_thread_blocked, id=5308, stack(0x000000f7f5c00000,0x000000f7f5d00000)]
  0x000002c1cf468380 JavaThread "C2 CompilerThread1" daemon [_thread_blocked, id=4836, stack(0x000000f7f5d00000,0x000000f7f5e00000)]
=>0x000002c1cf49c240 JavaThread "C2 CompilerThread2" daemon [_thread_in_native, id=16556, stack(0x000000f7f5e00000,0x000000f7f5f00000)]
  0x000002c1cf4c6050 JavaThread "JDWP Transport Listener: dt_socket" daemon [_thread_blocked, id=23008, stack(0x000000f7f5f00000,0x000000f7f6000000)]
  0x000002c1cf560540 JavaThread "JDWP Event Helper Thread" daemon [_thread_blocked, id=21644, stack(0x000000f7f6000000,0x000000f7f6100000)]
  0x000002c1cf568a50 JavaThread "JDWP Command Reader" daemon [_thread_in_native, id=3564, stack(0x000000f7f6100000,0x000000f7f6200000)]
  0x000002c1d0011390 JavaThread "Notification Thread" daemon [_thread_blocked, id=22108, stack(0x000000f7f6200000,0x000000f7f6300000)]

Other Threads:
  0x000002c1cf2e1be0 VMThread "VM Thread" [stack: 0x000000f7f4f00000,0x000000f7f5000000] [id=22180]
  0x000002c1d00169e0 WatcherThread [stack: 0x000000f7f6300000,0x000000f7f6400000] [id=10064]
  0x000002c18f05bfd0 GCTaskThread "GC Thread#0" [stack: 0x000000f7f4a00000,0x000000f7f4b00000] [id=3720]
  0x000002c1d0cfcba0 GCTaskThread "GC Thread#1" [stack: 0x000000f7f6400000,0x000000f7f6500000] [id=17304]
  0x000002c1d1180d00 GCTaskThread "GC Thread#2" [stack: 0x000000f7f6500000,0x000000f7f6600000] [id=22052]
  0x000002c1d0e8ead0 GCTaskThread "GC Thread#3" [stack: 0x000000f7f6600000,0x000000f7f6700000] [id=22920]
  0x000002c1d0e8fb50 GCTaskThread "GC Thread#4" [stack: 0x000000f7f6700000,0x000000f7f6800000] [id=14532]
  0x000002c1d0e8e290 GCTaskThread "GC Thread#5" [stack: 0x000000f7f6800000,0x000000f7f6900000] [id=15816]
  0x000002c1d0e8f890 GCTaskThread "GC Thread#6" [stack: 0x000000f7f6900000,0x000000f7f6a00000] [id=21432]
  0x000002c1d0e8fe10 GCTaskThread "GC Thread#7" [stack: 0x000000f7f6a00000,0x000000f7f6b00000] [id=7260]
  0x000002c1d0e8e550 GCTaskThread "GC Thread#8" [stack: 0x000000f7f6b00000,0x000000f7f6c00000] [id=804]
  0x000002c1d0e8e810 GCTaskThread "GC Thread#9" [stack: 0x000000f7f6c00000,0x000000f7f6d00000] [id=23112]
  0x000002c1d0e8ed90 GCTaskThread "GC Thread#10" [stack: 0x000000f7f6d00000,0x000000f7f6e00000] [id=15724]
  0x000002c1d0e8f050 GCTaskThread "GC Thread#11" [stack: 0x000000f7f6e00000,0x000000f7f6f00000] [id=14812]
  0x000002c1d0e8f310 GCTaskThread "GC Thread#12" [stack: 0x000000f7f6f00000,0x000000f7f7000000] [id=11316]
  0x000002c18f06deb0 ConcurrentGCThread "G1 Main Marker" [stack: 0x000000f7f4b00000,0x000000f7f4c00000] [id=10004]
  0x000002c18f070440 ConcurrentGCThread "G1 Conc#0" [stack: 0x000000f7f4c00000,0x000000f7f4d00000] [id=23408]
  0x000002c18f07ece0 ConcurrentGCThread "G1 Refine#0" [stack: 0x000000f7f4d00000,0x000000f7f4e00000] [id=19400]
  0x000002c1cf1c3600 ConcurrentGCThread "G1 Service" [stack: 0x000000f7f4e00000,0x000000f7f4f00000] [id=15408]

Threads with active compile tasks:
C2 CompilerThread2     1391 1971       4       java.lang.invoke.MethodType::makeImpl (109 bytes)

VM state: not at safepoint (normal execution)

VM Mutex/Monitor currently owned by a thread: None

Heap address: 0x0000000405000000, size: 16304 MB, Compressed Oops mode: Zero based, Oop shift amount: 3

CDS archive(s) mapped at: [0x0000000800000000-0x0000000800c00000-0x0000000800c00000), size 12582912, SharedBaseAddress: 0x0000000800000000, ArchiveRelocationMode: 0.
Compressed class space mapped at: 0x0000000800c00000-0x0000000840c00000, reserved size: 1073741824
Narrow klass base: 0x0000000800000000, Narrow klass shift: 0, Narrow klass range: 0x100000000

GC Precious Log:
 CPUs: 16 total, 16 available
 Memory: 65214M
 Large Page Support: Disabled
 NUMA Support: Disabled
 Compressed Oops: Enabled (Zero based)
 Heap Region Size: 8M
 Heap Min Capacity: 8M
 Heap Initial Capacity: 1G
 Heap Max Capacity: 16304M
 Pre-touch: Disabled
 Parallel Workers: 13
 Concurrent Workers: 3
 Concurrent Refinement Workers: 13
 Periodic GC: Disabled

Heap:
 garbage-first heap   total 1048576K, used 5070K [0x0000000405000000, 0x0000000800000000)
  region size 8192K, 2 young (16384K), 1 survivors (8192K)
 Metaspace       used 12615K, committed 12800K, reserved 1064960K
  class space    used 1573K, committed 1664K, reserved 1048576K

Heap Regions: E=young(eden), S=young(survivor), O=old, HS=humongous(starts), HC=humongous(continues), CS=collection set, F=free, OA=open archive, CA=closed archive, TAMS=top-at-mark-start (previous, next)
|   0|0x0000000405000000, 0x0000000405000000, 0x0000000405800000|  0%| F|  |TAMS 0x0000000405000000, 0x0000000405000000| Untracked 
|   1|0x0000000405800000, 0x0000000405800000, 0x0000000406000000|  0%| F|  |TAMS 0x0000000405800000, 0x0000000405800000| Untracked 
|   2|0x0000000406000000, 0x0000000406000000, 0x0000000406800000|  0%| F|  |TAMS 0x0000000406000000, 0x0000000406000000| Untracked 
|   3|0x0000000406800000, 0x0000000406800000, 0x0000000407000000|  0%| F|  |TAMS 0x0000000406800000, 0x0000000406800000| Untracked 
|   4|0x0000000407000000, 0x0000000407000000, 0x0000000407800000|  0%| F|  |TAMS 0x0000000407000000, 0x0000000407000000| Untracked 
|   5|0x0000000407800000, 0x0000000407800000, 0x0000000408000000|  0%| F|  |TAMS 0x0000000407800000, 0x0000000407800000| Untracked 
|   6|0x0000000408000000, 0x0000000408000000, 0x0000000408800000|  0%| F|  |TAMS 0x0000000408000000, 0x0000000408000000| Untracked 
|   7|0x0000000408800000, 0x0000000408800000, 0x0000000409000000|  0%| F|  |TAMS 0x0000000408800000, 0x0000000408800000| Untracked 
|   8|0x0000000409000000, 0x0000000409000000, 0x0000000409800000|  0%| F|  |TAMS 0x0000000409000000, 0x0000000409000000| Untracked 
|   9|0x0000000409800000, 0x0000000409800000, 0x000000040a000000|  0%| F|  |TAMS 0x0000000409800000, 0x0000000409800000| Untracked 
|  10|0x000000040a000000, 0x000000040a000000, 0x000000040a800000|  0%| F|  |TAMS 0x000000040a000000, 0x000000040a000000| Untracked 
|  11|0x000000040a800000, 0x000000040a800000, 0x000000040b000000|  0%| F|  |TAMS 0x000000040a800000, 0x000000040a800000| Untracked 
|  12|0x000000040b000000, 0x000000040b000000, 0x000000040b800000|  0%| F|  |TAMS 0x000000040b000000, 0x000000040b000000| Untracked 
|  13|0x000000040b800000, 0x000000040b800000, 0x000000040c000000|  0%| F|  |TAMS 0x000000040b800000, 0x000000040b800000| Untracked 
|  14|0x000000040c000000, 0x000000040c000000, 0x000000040c800000|  0%| F|  |TAMS 0x000000040c000000, 0x000000040c000000| Untracked 
|  15|0x000000040c800000, 0x000000040c800000, 0x000000040d000000|  0%| F|  |TAMS 0x000000040c800000, 0x000000040c800000| Untracked 
|  16|0x000000040d000000, 0x000000040d000000, 0x000000040d800000|  0%| F|  |TAMS 0x000000040d000000, 0x000000040d000000| Untracked 
|  17|0x000000040d800000, 0x000000040d800000, 0x000000040e000000|  0%| F|  |TAMS 0x000000040d800000, 0x000000040d800000| Untracked 
|  18|0x000000040e000000, 0x000000040e000000, 0x000000040e800000|  0%| F|  |TAMS 0x000000040e000000, 0x000000040e000000| Untracked 
|  19|0x000000040e800000, 0x000000040e800000, 0x000000040f000000|  0%| F|  |TAMS 0x000000040e800000, 0x000000040e800000| Untracked 
|  20|0x000000040f000000, 0x000000040f000000, 0x000000040f800000|  0%| F|  |TAMS 0x000000040f000000, 0x000000040f000000| Untracked 
|  21|0x000000040f800000, 0x000000040f800000, 0x0000000410000000|  0%| F|  |TAMS 0x000000040f800000, 0x000000040f800000| Untracked 
|  22|0x0000000410000000, 0x0000000410000000, 0x0000000410800000|  0%| F|  |TAMS 0x0000000410000000, 0x0000000410000000| Untracked 
|  23|0x0000000410800000, 0x0000000410800000, 0x0000000411000000|  0%| F|  |TAMS 0x0000000410800000, 0x0000000410800000| Untracked 
|  24|0x0000000411000000, 0x0000000411000000, 0x0000000411800000|  0%| F|  |TAMS 0x0000000411000000, 0x0000000411000000| Untracked 
|  25|0x0000000411800000, 0x0000000411800000, 0x0000000412000000|  0%| F|  |TAMS 0x0000000411800000, 0x0000000411800000| Untracked 
|  26|0x0000000412000000, 0x0000000412000000, 0x0000000412800000|  0%| F|  |TAMS 0x0000000412000000, 0x0000000412000000| Untracked 
|  27|0x0000000412800000, 0x0000000412800000, 0x0000000413000000|  0%| F|  |TAMS 0x0000000412800000, 0x0000000412800000| Untracked 
|  28|0x0000000413000000, 0x0000000413000000, 0x0000000413800000|  0%| F|  |TAMS 0x0000000413000000, 0x0000000413000000| Untracked 
|  29|0x0000000413800000, 0x0000000413800000, 0x0000000414000000|  0%| F|  |TAMS 0x0000000413800000, 0x0000000413800000| Untracked 
|  30|0x0000000414000000, 0x0000000414000000, 0x0000000414800000|  0%| F|  |TAMS 0x0000000414000000, 0x0000000414000000| Untracked 
|  31|0x0000000414800000, 0x0000000414800000, 0x0000000415000000|  0%| F|  |TAMS 0x0000000414800000, 0x0000000414800000| Untracked 
|  32|0x0000000415000000, 0x0000000415000000, 0x0000000415800000|  0%| F|  |TAMS 0x0000000415000000, 0x0000000415000000| Untracked 
|  33|0x0000000415800000, 0x0000000415800000, 0x0000000416000000|  0%| F|  |TAMS 0x0000000415800000, 0x0000000415800000| Untracked 
|  34|0x0000000416000000, 0x0000000416000000, 0x0000000416800000|  0%| F|  |TAMS 0x0000000416000000, 0x0000000416000000| Untracked 
|  35|0x0000000416800000, 0x0000000416800000, 0x0000000417000000|  0%| F|  |TAMS 0x0000000416800000, 0x0000000416800000| Untracked 
|  36|0x0000000417000000, 0x0000000417000000, 0x0000000417800000|  0%| F|  |TAMS 0x0000000417000000, 0x0000000417000000| Untracked 
|  37|0x0000000417800000, 0x0000000417800000, 0x0000000418000000|  0%| F|  |TAMS 0x0000000417800000, 0x0000000417800000| Untracked 
|  38|0x0000000418000000, 0x0000000418000000, 0x0000000418800000|  0%| F|  |TAMS 0x0000000418000000, 0x0000000418000000| Untracked 
|  39|0x0000000418800000, 0x0000000418800000, 0x0000000419000000|  0%| F|  |TAMS 0x0000000418800000, 0x0000000418800000| Untracked 
|  40|0x0000000419000000, 0x0000000419000000, 0x0000000419800000|  0%| F|  |TAMS 0x0000000419000000, 0x0000000419000000| Untracked 
|  41|0x0000000419800000, 0x0000000419800000, 0x000000041a000000|  0%| F|  |TAMS 0x0000000419800000, 0x0000000419800000| Untracked 
|  42|0x000000041a000000, 0x000000041a000000, 0x000000041a800000|  0%| F|  |TAMS 0x000000041a000000, 0x000000041a000000| Untracked 
|  43|0x000000041a800000, 0x000000041a800000, 0x000000041b000000|  0%| F|  |TAMS 0x000000041a800000, 0x000000041a800000| Untracked 
|  44|0x000000041b000000, 0x000000041b000000, 0x000000041b800000|  0%| F|  |TAMS 0x000000041b000000, 0x000000041b000000| Untracked 
|  45|0x000000041b800000, 0x000000041b800000, 0x000000041c000000|  0%| F|  |TAMS 0x000000041b800000, 0x000000041b800000| Untracked 
|  46|0x000000041c000000, 0x000000041c000000, 0x000000041c800000|  0%| F|  |TAMS 0x000000041c000000, 0x000000041c000000| Untracked 
|  47|0x000000041c800000, 0x000000041c800000, 0x000000041d000000|  0%| F|  |TAMS 0x000000041c800000, 0x000000041c800000| Untracked 
|  48|0x000000041d000000, 0x000000041d000000, 0x000000041d800000|  0%| F|  |TAMS 0x000000041d000000, 0x000000041d000000| Untracked 
|  49|0x000000041d800000, 0x000000041d800000, 0x000000041e000000|  0%| F|  |TAMS 0x000000041d800000, 0x000000041d800000| Untracked 
|  50|0x000000041e000000, 0x000000041e000000, 0x000000041e800000|  0%| F|  |TAMS 0x000000041e000000, 0x000000041e000000| Untracked 
|  51|0x000000041e800000, 0x000000041e800000, 0x000000041f000000|  0%| F|  |TAMS 0x000000041e800000, 0x000000041e800000| Untracked 
|  52|0x000000041f000000, 0x000000041f000000, 0x000000041f800000|  0%| F|  |TAMS 0x000000041f000000, 0x000000041f000000| Untracked 
|  53|0x000000041f800000, 0x000000041f800000, 0x0000000420000000|  0%| F|  |TAMS 0x000000041f800000, 0x000000041f800000| Untracked 
|  54|0x0000000420000000, 0x0000000420000000, 0x0000000420800000|  0%| F|  |TAMS 0x0000000420000000, 0x0000000420000000| Untracked 
|  55|0x0000000420800000, 0x0000000420800000, 0x0000000421000000|  0%| F|  |TAMS 0x0000000420800000, 0x0000000420800000| Untracked 
|  56|0x0000000421000000, 0x0000000421000000, 0x0000000421800000|  0%| F|  |TAMS 0x0000000421000000, 0x0000000421000000| Untracked 
|  57|0x0000000421800000, 0x0000000421800000, 0x0000000422000000|  0%| F|  |TAMS 0x0000000421800000, 0x0000000421800000| Untracked 
|  58|0x0000000422000000, 0x0000000422000000, 0x0000000422800000|  0%| F|  |TAMS 0x0000000422000000, 0x0000000422000000| Untracked 
|  59|0x0000000422800000, 0x0000000422800000, 0x0000000423000000|  0%| F|  |TAMS 0x0000000422800000, 0x0000000422800000| Untracked 
|  60|0x0000000423000000, 0x0000000423000000, 0x0000000423800000|  0%| F|  |TAMS 0x0000000423000000, 0x0000000423000000| Untracked 
|  61|0x0000000423800000, 0x0000000423800000, 0x0000000424000000|  0%| F|  |TAMS 0x0000000423800000, 0x0000000423800000| Untracked 
|  62|0x0000000424000000, 0x0000000424000000, 0x0000000424800000|  0%| F|  |TAMS 0x0000000424000000, 0x0000000424000000| Untracked 
|  63|0x0000000424800000, 0x0000000424800000, 0x0000000425000000|  0%| F|  |TAMS 0x0000000424800000, 0x0000000424800000| Untracked 
|  64|0x0000000425000000, 0x0000000425000000, 0x0000000425800000|  0%| F|  |TAMS 0x0000000425000000, 0x0000000425000000| Untracked 
|  65|0x0000000425800000, 0x0000000425800000, 0x0000000426000000|  0%| F|  |TAMS 0x0000000425800000, 0x0000000425800000| Untracked 
|  66|0x0000000426000000, 0x0000000426000000, 0x0000000426800000|  0%| F|  |TAMS 0x0000000426000000, 0x0000000426000000| Untracked 
|  67|0x0000000426800000, 0x0000000426800000, 0x0000000427000000|  0%| F|  |TAMS 0x0000000426800000, 0x0000000426800000| Untracked 
|  68|0x0000000427000000, 0x0000000427000000, 0x0000000427800000|  0%| F|  |TAMS 0x0000000427000000, 0x0000000427000000| Untracked 
|  69|0x0000000427800000, 0x0000000427800000, 0x0000000428000000|  0%| F|  |TAMS 0x0000000427800000, 0x0000000427800000| Untracked 
|  70|0x0000000428000000, 0x0000000428000000, 0x0000000428800000|  0%| F|  |TAMS 0x0000000428000000, 0x0000000428000000| Untracked 
|  71|0x0000000428800000, 0x0000000428800000, 0x0000000429000000|  0%| F|  |TAMS 0x0000000428800000, 0x0000000428800000| Untracked 
|  72|0x0000000429000000, 0x0000000429000000, 0x0000000429800000|  0%| F|  |TAMS 0x0000000429000000, 0x0000000429000000| Untracked 
|  73|0x0000000429800000, 0x0000000429800000, 0x000000042a000000|  0%| F|  |TAMS 0x0000000429800000, 0x0000000429800000| Untracked 
|  74|0x000000042a000000, 0x000000042a000000, 0x000000042a800000|  0%| F|  |TAMS 0x000000042a000000, 0x000000042a000000| Untracked 
|  75|0x000000042a800000, 0x000000042a800000, 0x000000042b000000|  0%| F|  |TAMS 0x000000042a800000, 0x000000042a800000| Untracked 
|  76|0x000000042b000000, 0x000000042b000000, 0x000000042b800000|  0%| F|  |TAMS 0x000000042b000000, 0x000000042b000000| Untracked 
|  77|0x000000042b800000, 0x000000042b800000, 0x000000042c000000|  0%| F|  |TAMS 0x000000042b800000, 0x000000042b800000| Untracked 
|  78|0x000000042c000000, 0x000000042c000000, 0x000000042c800000|  0%| F|  |TAMS 0x000000042c000000, 0x000000042c000000| Untracked 
|  79|0x000000042c800000, 0x000000042c800000, 0x000000042d000000|  0%| F|  |TAMS 0x000000042c800000, 0x000000042c800000| Untracked 
|  80|0x000000042d000000, 0x000000042d000000, 0x000000042d800000|  0%| F|  |TAMS 0x000000042d000000, 0x000000042d000000| Untracked 
|  81|0x000000042d800000, 0x000000042d800000, 0x000000042e000000|  0%| F|  |TAMS 0x000000042d800000, 0x000000042d800000| Untracked 
|  82|0x000000042e000000, 0x000000042e000000, 0x000000042e800000|  0%| F|  |TAMS 0x000000042e000000, 0x000000042e000000| Untracked 
|  83|0x000000042e800000, 0x000000042e800000, 0x000000042f000000|  0%| F|  |TAMS 0x000000042e800000, 0x000000042e800000| Untracked 
|  84|0x000000042f000000, 0x000000042f000000, 0x000000042f800000|  0%| F|  |TAMS 0x000000042f000000, 0x000000042f000000| Untracked 
|  85|0x000000042f800000, 0x000000042f800000, 0x0000000430000000|  0%| F|  |TAMS 0x000000042f800000, 0x000000042f800000| Untracked 
|  86|0x0000000430000000, 0x0000000430000000, 0x0000000430800000|  0%| F|  |TAMS 0x0000000430000000, 0x0000000430000000| Untracked 
|  87|0x0000000430800000, 0x0000000430800000, 0x0000000431000000|  0%| F|  |TAMS 0x0000000430800000, 0x0000000430800000| Untracked 
|  88|0x0000000431000000, 0x0000000431000000, 0x0000000431800000|  0%| F|  |TAMS 0x0000000431000000, 0x0000000431000000| Untracked 
|  89|0x0000000431800000, 0x0000000431800000, 0x0000000432000000|  0%| F|  |TAMS 0x0000000431800000, 0x0000000431800000| Untracked 
|  90|0x0000000432000000, 0x0000000432000000, 0x0000000432800000|  0%| F|  |TAMS 0x0000000432000000, 0x0000000432000000| Untracked 
|  91|0x0000000432800000, 0x0000000432800000, 0x0000000433000000|  0%| F|  |TAMS 0x0000000432800000, 0x0000000432800000| Untracked 
|  92|0x0000000433000000, 0x0000000433000000, 0x0000000433800000|  0%| F|  |TAMS 0x0000000433000000, 0x0000000433000000| Untracked 
|  93|0x0000000433800000, 0x0000000433800000, 0x0000000434000000|  0%| F|  |TAMS 0x0000000433800000, 0x0000000433800000| Untracked 
|  94|0x0000000434000000, 0x0000000434000000, 0x0000000434800000|  0%| F|  |TAMS 0x0000000434000000, 0x0000000434000000| Untracked 
|  95|0x0000000434800000, 0x0000000434800000, 0x0000000435000000|  0%| F|  |TAMS 0x0000000434800000, 0x0000000434800000| Untracked 
|  96|0x0000000435000000, 0x0000000435000000, 0x0000000435800000|  0%| F|  |TAMS 0x0000000435000000, 0x0000000435000000| Untracked 
|  97|0x0000000435800000, 0x0000000435800000, 0x0000000436000000|  0%| F|  |TAMS 0x0000000435800000, 0x0000000435800000| Untracked 
|  98|0x0000000436000000, 0x0000000436000000, 0x0000000436800000|  0%| F|  |TAMS 0x0000000436000000, 0x0000000436000000| Untracked 
|  99|0x0000000436800000, 0x0000000436800000, 0x0000000437000000|  0%| F|  |TAMS 0x0000000436800000, 0x0000000436800000| Untracked 
| 100|0x0000000437000000, 0x0000000437000000, 0x0000000437800000|  0%| F|  |TAMS 0x0000000437000000, 0x0000000437000000| Untracked 
| 101|0x0000000437800000, 0x0000000437800000, 0x0000000438000000|  0%| F|  |TAMS 0x0000000437800000, 0x0000000437800000| Untracked 
| 102|0x0000000438000000, 0x0000000438000000, 0x0000000438800000|  0%| F|  |TAMS 0x0000000438000000, 0x0000000438000000| Untracked 
| 103|0x0000000438800000, 0x0000000438800000, 0x0000000439000000|  0%| F|  |TAMS 0x0000000438800000, 0x0000000438800000| Untracked 
| 104|0x0000000439000000, 0x0000000439000000, 0x0000000439800000|  0%| F|  |TAMS 0x0000000439000000, 0x0000000439000000| Untracked 
| 105|0x0000000439800000, 0x0000000439800000, 0x000000043a000000|  0%| F|  |TAMS 0x0000000439800000, 0x0000000439800000| Untracked 
| 106|0x000000043a000000, 0x000000043a000000, 0x000000043a800000|  0%| F|  |TAMS 0x000000043a000000, 0x000000043a000000| Untracked 
| 107|0x000000043a800000, 0x000000043a800000, 0x000000043b000000|  0%| F|  |TAMS 0x000000043a800000, 0x000000043a800000| Untracked 
| 108|0x000000043b000000, 0x000000043b000000, 0x000000043b800000|  0%| F|  |TAMS 0x000000043b000000, 0x000000043b000000| Untracked 
| 109|0x000000043b800000, 0x000000043b800000, 0x000000043c000000|  0%| F|  |TAMS 0x000000043b800000, 0x000000043b800000| Untracked 
| 110|0x000000043c000000, 0x000000043c000000, 0x000000043c800000|  0%| F|  |TAMS 0x000000043c000000, 0x000000043c000000| Untracked 
| 111|0x000000043c800000, 0x000000043c800000, 0x000000043d000000|  0%| F|  |TAMS 0x000000043c800000, 0x000000043c800000| Untracked 
| 112|0x000000043d000000, 0x000000043d000000, 0x000000043d800000|  0%| F|  |TAMS 0x000000043d000000, 0x000000043d000000| Untracked 
| 113|0x000000043d800000, 0x000000043d800000, 0x000000043e000000|  0%| F|  |TAMS 0x000000043d800000, 0x000000043d800000| Untracked 
| 114|0x000000043e000000, 0x000000043e000000, 0x000000043e800000|  0%| F|  |TAMS 0x000000043e000000, 0x000000043e000000| Untracked 
| 115|0x000000043e800000, 0x000000043e800000, 0x000000043f000000|  0%| F|  |TAMS 0x000000043e800000, 0x000000043e800000| Untracked 
| 116|0x000000043f000000, 0x000000043f000000, 0x000000043f800000|  0%| F|  |TAMS 0x000000043f000000, 0x000000043f000000| Untracked 
| 117|0x000000043f800000, 0x000000043f800000, 0x0000000440000000|  0%| F|  |TAMS 0x000000043f800000, 0x000000043f800000| Untracked 
| 118|0x0000000440000000, 0x0000000440000000, 0x0000000440800000|  0%| F|  |TAMS 0x0000000440000000, 0x0000000440000000| Untracked 
| 119|0x0000000440800000, 0x0000000440800000, 0x0000000441000000|  0%| F|  |TAMS 0x0000000440800000, 0x0000000440800000| Untracked 
| 120|0x0000000441000000, 0x0000000441000000, 0x0000000441800000|  0%| F|  |TAMS 0x0000000441000000, 0x0000000441000000| Untracked 
| 121|0x0000000441800000, 0x0000000441cf3a48, 0x0000000442000000| 61%| S|CS|TAMS 0x0000000441800000, 0x0000000441800000| Complete 
| 122|0x0000000442000000, 0x0000000442000000, 0x0000000442800000|  0%| F|  |TAMS 0x0000000442000000, 0x0000000442000000| Untracked 
| 123|0x0000000442800000, 0x0000000442800000, 0x0000000443000000|  0%| F|  |TAMS 0x0000000442800000, 0x0000000442800000| Untracked 
| 124|0x0000000443000000, 0x0000000443000000, 0x0000000443800000|  0%| F|  |TAMS 0x0000000443000000, 0x0000000443000000| Untracked 
| 125|0x0000000443800000, 0x0000000443800000, 0x0000000444000000|  0%| F|  |TAMS 0x0000000443800000, 0x0000000443800000| Untracked 
| 126|0x0000000444000000, 0x0000000444000000, 0x0000000444800000|  0%| F|  |TAMS 0x0000000444000000, 0x0000000444000000| Untracked 
| 127|0x0000000444800000, 0x0000000445000000, 0x0000000445000000|100%| E|  |TAMS 0x0000000444800000, 0x0000000444800000| Complete 

Card table byte_map: [0x000002c1a85a0000,0x000002c1aa580000] _byte_map_base: 0x000002c1a6578000

Marking Bits (Prev, Next): (CMBitMap*) 0x000002c18f05d410, (CMBitMap*) 0x000002c18f05d450
 Prev Bits: [0x000002c1ac560000, 0x000002c1bc420000)
 Next Bits: [0x000002c1bc420000, 0x000002c1cc2e0000)

Polling page: 0x000002c18e780000

Metaspace:

Usage:
  Non-class:     10.78 MB used.
      Class:      1.54 MB used.
       Both:     12.32 MB used.

Virtual space:
  Non-class space:       16.00 MB reserved,      10.88 MB ( 68%) committed,  2 nodes.
      Class space:        1.00 GB reserved,       1.62 MB ( <1%) committed,  1 nodes.
             Both:        1.02 GB reserved,      12.50 MB (  1%) committed. 

Chunk freelists:
   Non-Class:  592.00 KB
       Class:  2.19 MB
        Both:  2.77 MB

MaxMetaspaceSize: unlimited
CompressedClassSpaceSize: 1.00 GB
Initial GC threshold: 21.00 MB
Current GC threshold: 21.00 MB
CDS: on
MetaspaceReclaimPolicy: balanced
 - commit_granule_bytes: 65536.
 - commit_granule_words: 8192.
 - virtual_space_node_default_size: 1048576.
 - enlarge_chunks_in_place: 1.
 - new_chunks_are_fully_committed: 0.
 - uncommit_free_chunks: 1.
 - use_allocation_guard: 0.
 - handle_deallocations: 1.


Internal statistics:

num_allocs_failed_limit: 0.
num_arena_births: 230.
num_arena_deaths: 0.
num_vsnodes_births: 3.
num_vsnodes_deaths: 0.
num_space_committed: 200.
num_space_uncommitted: 0.
num_chunks_returned_to_freelist: 0.
num_chunks_taken_from_freelist: 629.
num_chunk_merges: 0.
num_chunk_splits: 347.
num_chunks_enlarged: 202.
num_purges: 0.
num_inconsistent_stats: 0.

CodeHeap 'non-profiled nmethods': size=119168Kb used=820Kb max_used=820Kb free=118347Kb
 bounds [0x000002c19e6e0000, 0x000002c19e950000, 0x000002c1a5b40000]
CodeHeap 'profiled nmethods': size=119104Kb used=4057Kb max_used=4057Kb free=115046Kb
 bounds [0x000002c196b40000, 0x000002c196f40000, 0x000002c19df90000]
CodeHeap 'non-nmethods': size=7488Kb used=2942Kb max_used=3009Kb free=4546Kb
 bounds [0x000002c19df90000, 0x000002c19e2a0000, 0x000002c19e6e0000]
 total_blobs=2452 nmethods=1972 adapters=389
 compilation: enabled
              stopped_count=0, restarted_count=0
 full_count=0

Compilation events (20 events):
Event: 1.194 Thread 0x000002c1cf315630 1965       3       jdk.internal.loader.URLClassPath$FileLoader::findResource (18 bytes)
Event: 1.194 Thread 0x000002c1cf315630 nmethod 1965 0x000002c196f30a90 code [0x000002c196f30c40, 0x000002c196f30ed8]
Event: 1.195 Thread 0x000002c1cf42cc50 nmethod 1964 0x000002c196f31010 code [0x000002c196f312a0, 0x000002c196f32198]
Event: 1.198 Thread 0x000002c1cf42c320 1966       3       java.lang.invoke.LambdaForm$DMH/0x0000000800c34400::invokeStatic (31 bytes)
Event: 1.198 Thread 0x000002c1cf42cc50 1967       3       java.lang.invoke.MethodHandles$Lookup::defineHiddenClass (69 bytes)
Event: 1.198 Thread 0x000002c1cf42c320 nmethod 1966 0x000002c196f32710 code [0x000002c196f328e0, 0x000002c196f32d98]
Event: 1.198 Thread 0x000002c1cf42cc50 nmethod 1967 0x000002c196f32e90 code [0x000002c196f331a0, 0x000002c196f33f98]
Event: 1.201 Thread 0x000002c1cf49c240 1968       4       java.lang.Object::<init> (1 bytes)
Event: 1.201 Thread 0x000002c1cf49c240 nmethod 1968 0x000002c19e79a710 code [0x000002c19e79a880, 0x000002c19e79a938]
Event: 1.201 Thread 0x000002c1cf49c240 1969       4       sun.net.util.IPAddressUtil::checkHostString (53 bytes)
Event: 1.202 Thread 0x000002c1cf49c240 nmethod 1969 0x000002c19e79aa10 code [0x000002c19e79ab80, 0x000002c19e79ac18]
Event: 1.204 Thread 0x000002c1cf42c320 1970       3       java.lang.invoke.BoundMethodHandle$Species_L::make (11 bytes)
Event: 1.205 Thread 0x000002c1cf42c320 nmethod 1970 0x000002c196f34510 code [0x000002c196f346c0, 0x000002c196f34948]
Event: 1.205 Thread 0x000002c1cf49c240 1971       4       java.lang.invoke.MethodType::makeImpl (109 bytes)
Event: 1.206 Thread 0x000002c1cf468380 1972       4       java.lang.invoke.MethodType$ConcurrentWeakInternSet::get (47 bytes)
Event: 1.207 Thread 0x000002c1cf315630 1974   !   3       java.util.logging.LogManager::ensureLogManagerInitialized (144 bytes)
Event: 1.208 Thread 0x000002c1cf315630 nmethod 1974 0x000002c196f34a90 code [0x000002c196f34da0, 0x000002c196f36078]
Event: 1.220 Thread 0x000002c1cf468380 nmethod 1972 0x000002c19e79ad90 code [0x000002c19e79af80, 0x000002c19e79c2a8]
Event: 1.220 Thread 0x000002c1cf468380 1973       4       java.lang.String::indexOf (18 bytes)
Event: 1.222 Thread 0x000002c1cf468380 nmethod 1973 0x000002c19e79ca10 code [0x000002c19e79cba0, 0x000002c19e79d038]

GC Heap History (2 events):
Event: 1.063 GC heap before
{Heap before GC invocations=0 (full 0):
 garbage-first heap   total 1048576K, used 49152K [0x0000000405000000, 0x0000000800000000)
  region size 8192K, 6 young (49152K), 0 survivors (0K)
 Metaspace       used 10345K, committed 10688K, reserved 1064960K
  class space    used 1308K, committed 1472K, reserved 1048576K
}
Event: 1.068 GC heap after
{Heap after GC invocations=1 (full 0):
 garbage-first heap   total 1048576K, used 5070K [0x0000000405000000, 0x0000000800000000)
  region size 8192K, 1 young (8192K), 1 survivors (8192K)
 Metaspace       used 10345K, committed 10688K, reserved 1064960K
  class space    used 1308K, committed 1472K, reserved 1048576K
}

Dll operation events (10 events):
Event: 0.013 Loaded shared library C:\Users\salmi\.jdks\azul-17.0.6\bin\java.dll
Event: 0.015 Loaded shared library C:\Users\salmi\.jdks\azul-17.0.6\bin\zip.dll
Event: 0.027 Loaded shared library C:\Users\salmi\.jdks\azul-17.0.6\bin\jsvml.dll
Event: 0.135 Loaded shared library C:\Users\salmi\.jdks\azul-17.0.6\bin\instrument.dll
Event: 0.151 Loaded shared library C:\Users\salmi\.jdks\azul-17.0.6\bin\net.dll
Event: 0.152 Loaded shared library C:\Users\salmi\.jdks\azul-17.0.6\bin\nio.dll
Event: 0.157 Loaded shared library C:\Users\salmi\.jdks\azul-17.0.6\bin\zip.dll
Event: 0.245 Loaded shared library C:\Users\salmi\.jdks\azul-17.0.6\bin\jimage.dll
Event: 0.819 Loaded shared library C:\Users\salmi\.jdks\azul-17.0.6\bin\management.dll
Event: 0.821 Loaded shared library C:\Users\salmi\.jdks\azul-17.0.6\bin\management_ext.dll

Deoptimization events (20 events):
Event: 1.025 Thread 0x000002c18efed9f0 Uncommon trap: trap_request=0xffffff45 fr.pc=0x000002c19e73a9d8 relative=0x00000000000000b8
Event: 1.025 Thread 0x000002c18efed9f0 Uncommon trap: reason=unstable_if action=reinterpret pc=0x000002c19e73a9d8 method=sun.reflect.generics.parser.SignatureParser.current()C @ 39 c2
Event: 1.025 Thread 0x000002c18efed9f0 DEOPT PACKING pc=0x000002c19e73a9d8 sp=0x000000f7f49fa090
Event: 1.025 Thread 0x000002c18efed9f0 DEOPT UNPACKING pc=0x000002c19dfe69a3 sp=0x000000f7f49fa038 mode 2
Event: 1.070 Thread 0x000002c18efed9f0 Uncommon trap: trap_request=0xffffff45 fr.pc=0x000002c19e78b0f8 relative=0x00000000000000f8
Event: 1.070 Thread 0x000002c18efed9f0 Uncommon trap: reason=unstable_if action=reinterpret pc=0x000002c19e78b0f8 method=java.lang.ref.SoftReference.get()Ljava/lang/Object; @ 17 c2
Event: 1.070 Thread 0x000002c18efed9f0 DEOPT PACKING pc=0x000002c19e78b0f8 sp=0x000000f7f49fa7d0
Event: 1.070 Thread 0x000002c18efed9f0 DEOPT UNPACKING pc=0x000002c19dfe69a3 sp=0x000000f7f49fa780 mode 2
Event: 1.072 Thread 0x000002c18efed9f0 Uncommon trap: trap_request=0xffffff45 fr.pc=0x000002c19e76004c relative=0x0000000000000a6c
Event: 1.072 Thread 0x000002c18efed9f0 Uncommon trap: reason=unstable_if action=reinterpret pc=0x000002c19e76004c method=java.lang.StringLatin1.regionMatchesCI([BI[BII)Z @ 72 c2
Event: 1.072 Thread 0x000002c18efed9f0 DEOPT PACKING pc=0x000002c19e76004c sp=0x000000f7f49fb280
Event: 1.072 Thread 0x000002c18efed9f0 DEOPT UNPACKING pc=0x000002c19dfe69a3 sp=0x000000f7f49fb198 mode 2
Event: 1.078 Thread 0x000002c18efed9f0 Uncommon trap: trap_request=0xffffff45 fr.pc=0x000002c19e7357a4 relative=0x0000000000000ec4
Event: 1.078 Thread 0x000002c18efed9f0 Uncommon trap: reason=unstable_if action=reinterpret pc=0x000002c19e7357a4 method=jdk.internal.org.objectweb.asm.SymbolTable.put(Ljdk/internal/org/objectweb/asm/SymbolTable$Entry;)Ljdk/internal/org/objectweb/asm/SymbolTable$Entry; @ 13 c2
Event: 1.078 Thread 0x000002c18efed9f0 DEOPT PACKING pc=0x000002c19e7357a4 sp=0x000000f7f49fa420
Event: 1.078 Thread 0x000002c18efed9f0 DEOPT UNPACKING pc=0x000002c19dfe69a3 sp=0x000000f7f49fa388 mode 2
Event: 1.191 Thread 0x000002c18efed9f0 DEOPT PACKING pc=0x000002c196c69c04 sp=0x000000f7f49f9270
Event: 1.191 Thread 0x000002c18efed9f0 DEOPT UNPACKING pc=0x000002c19dfe7143 sp=0x000000f7f49f8708 mode 1
Event: 1.191 Thread 0x000002c18efed9f0 DEOPT PACKING pc=0x000002c196c684dc sp=0x000000f7f49f9340
Event: 1.191 Thread 0x000002c18efed9f0 DEOPT UNPACKING pc=0x000002c19dfe7143 sp=0x000000f7f49f87f8 mode 1

Classes unloaded (0 events):
No events

Classes redefined (0 events):
No events

Internal exceptions (20 events):
Event: 0.527 Thread 0x000002c18efed9f0 Exception <a 'java/lang/NoSuchMethodError'{0x0000000443cc7508}: 'int java.lang.invoke.DirectMethodHandle$Holder.invokeStatic(java.lang.Object, java.lang.Object, java.lang.Object, java.lang.Object)'> (0x0000000443cc7508) 
thrown [s\src\hotspot\share\interpreter\linkResolver.cpp, line 759]
Event: 0.527 Thread 0x000002c18efed9f0 Exception <a 'java/lang/NoSuchMethodError'{0x0000000443ccae88}: 'java.lang.Object java.lang.invoke.Invokers$Holder.invokeExact_MT(java.lang.Object, java.lang.Object, java.lang.Object, java.lang.Object, java.lang.Object, java.lang.Object)'> (0x0000000443ccae88) 
thrown [s\src\hotspot\share\interpreter\linkResolver.cpp, line 759]
Event: 0.529 Thread 0x000002c18efed9f0 Exception <a 'java/lang/NoSuchMethodError'{0x0000000443cdb6f0}: 'int java.lang.invoke.DirectMethodHandle$Holder.invokeStatic(java.lang.Object, java.lang.Object, java.lang.Object, java.lang.Object, java.lang.Object)'> (0x0000000443cdb6f0) 
thrown [s\src\hotspot\share\interpreter\linkResolver.cpp, line 759]
Event: 0.540 Thread 0x000002c18efed9f0 Exception <a 'java/lang/NoSuchMethodError'{0x0000000443d31a80}: 'void java.lang.invoke.DirectMethodHandle$Holder.invokeStaticInit(java.lang.Object)'> (0x0000000443d31a80) 
thrown [s\src\hotspot\share\interpreter\linkResolver.cpp, line 759]
Event: 0.576 Thread 0x000002c18efed9f0 Exception <a 'java/lang/NoSuchMethodError'{0x0000000443e55968}: 'int java.lang.invoke.DirectMethodHandle$Holder.invokeStaticInit(java.lang.Object, java.lang.Object)'> (0x0000000443e55968) 
thrown [s\src\hotspot\share\interpreter\linkResolver.cpp, line 759]
Event: 0.606 Thread 0x000002c18efed9f0 Exception <a 'java/lang/NoSuchMethodError'{0x0000000443f5d7b8}: 'java.lang.Object java.lang.invoke.DirectMethodHandle$Holder.newInvokeSpecial(java.lang.Object, java.lang.Object, java.lang.Object, java.lang.Object, java.lang.Object, java.lang.Object, java.lang.Object)'> (0x0000000443f5d7b8) 
thrown [s\src\hotspot\share\interpreter\linkResolver.cpp, line 759]
Event: 0.606 Thread 0x000002c18efed9f0 Exception <a 'java/lang/NoSuchMethodError'{0x0000000443f62370}: 'java.lang.Object java.lang.invoke.Invokers$Holder.linkToTargetMethod(java.lang.Object, java.lang.Object, java.lang.Object, java.lang.Object, java.lang.Object, java.lang.Object, java.lang.Object)'> (0x0000000443f62370) 
thrown [s\src\hotspot\share\interpreter\linkResolver.cpp, line 759]
Event: 0.608 Thread 0x000002c18efed9f0 Exception <a 'java/lang/NoSuchMethodError'{0x0000000443f740b8}: 'java.lang.Object java.lang.invoke.DirectMethodHandle$Holder.invokeInterface(java.lang.Object, java.lang.Object, java.lang.Object, java.lang.Object, java.lang.Object)'> (0x0000000443f740b8) 
thrown [s\src\hotspot\share\interpreter\linkResolver.cpp, line 759]
Event: 0.608 Thread 0x000002c18efed9f0 Exception <a 'java/lang/IncompatibleClassChangeError'{0x0000000443f77eb0}: Found class java.lang.Object, but interface was expected> (0x0000000443f77eb0) 
thrown [s\src\hotspot\share\interpreter\linkResolver.cpp, line 826]
Event: 0.654 Thread 0x000002c18efed9f0 Exception <a 'java/lang/NoSuchMethodError'{0x00000004431d4e78}: 'void java.lang.invoke.DelegatingMethodHandle$Holder.delegate(java.lang.Object, java.lang.Object, int, java.lang.Object)'> (0x00000004431d4e78) 
thrown [s\src\hotspot\share\interpreter\linkResolver.cpp, line 759]
Event: 0.658 Thread 0x000002c18efed9f0 Exception <a 'java/lang/NoSuchMethodError'{0x00000004432022a0}: 'java.lang.Object java.lang.invoke.DirectMethodHandle$Holder.newInvokeSpecial(java.lang.Object, int, java.lang.Object)'> (0x00000004432022a0) 
thrown [s\src\hotspot\share\interpreter\linkResolver.cpp, line 759]
Event: 0.662 Thread 0x000002c18efed9f0 Exception <a 'java/lang/IncompatibleClassChangeError'{0x000000044322e210}: Found class java.lang.Object, but interface was expected> (0x000000044322e210) 
thrown [s\src\hotspot\share\interpreter\linkResolver.cpp, line 826]
Event: 0.666 Thread 0x000002c18efed9f0 Exception <a 'java/lang/NoSuchMethodError'{0x0000000443254e40}: 'java.lang.Object java.lang.invoke.DirectMethodHandle$Holder.newInvokeSpecial(java.lang.Object, java.lang.Object, java.lang.Object, int, java.lang.Object)'> (0x0000000443254e40) 
thrown [s\src\hotspot\share\interpreter\linkResolver.cpp, line 759]
Event: 0.667 Thread 0x000002c18efed9f0 Exception <a 'java/lang/NoSuchMethodError'{0x000000044325cf50}: 'java.lang.Object java.lang.invoke.Invokers$Holder.linkToTargetMethod(java.lang.Object, java.lang.Object, int, java.lang.Object, java.lang.Object)'> (0x000000044325cf50) 
thrown [s\src\hotspot\share\interpreter\linkResolver.cpp, line 759]
Event: 0.795 Thread 0x000002c18efed9f0 Exception <a 'java/lang/NoSuchMethodError'{0x0000000442c1b7b0}: 'java.lang.Object java.lang.invoke.DirectMethodHandle$Holder.newInvokeSpecial(java.lang.Object, long, int, java.lang.Object)'> (0x0000000442c1b7b0) 
thrown [s\src\hotspot\share\interpreter\linkResolver.cpp, line 759]
Event: 0.804 Thread 0x000002c18efed9f0 Exception <a 'java/lang/NoSuchMethodError'{0x0000000442c9c248}: 'void java.lang.invoke.DirectMethodHandle$Holder.invokeStaticInit(java.lang.Object, java.lang.Object, java.lang.Object, java.lang.Object)'> (0x0000000442c9c248) 
thrown [s\src\hotspot\share\interpreter\linkResolver.cpp, line 759]
Event: 1.053 Thread 0x000002c18efed9f0 Exception <a 'java/lang/NoSuchMethodError'{0x000000044275fcc8}: 'int java.lang.invoke.DirectMethodHandle$Holder.invokeStaticInit(java.lang.Object, java.lang.Object, java.lang.Object)'> (0x000000044275fcc8) 
thrown [s\src\hotspot\share\interpreter\linkResolver.cpp, line 759]
Event: 1.102 Thread 0x000002c18efed9f0 Exception <a 'java/lang/NoSuchMethodError'{0x00000004449b7160}: 'int java.lang.invoke.DirectMethodHandle$Holder.invokeInterface(java.lang.Object, java.lang.Object)'> (0x00000004449b7160) 
thrown [s\src\hotspot\share\interpreter\linkResolver.cpp, line 759]
Event: 1.102 Thread 0x000002c18efed9f0 Exception <a 'java/lang/IncompatibleClassChangeError'{0x00000004449bac40}: Found class java.lang.Object, but interface was expected> (0x00000004449bac40) 
thrown [s\src\hotspot\share\interpreter\linkResolver.cpp, line 826]
Event: 1.103 Thread 0x000002c18efed9f0 Exception <a 'java/lang/NoSuchMethodError'{0x00000004449c0cd8}: 'void java.lang.invoke.DirectMethodHandle$Holder.invokeStatic(java.lang.Object, java.lang.Object)'> (0x00000004449c0cd8) 
thrown [s\src\hotspot\share\interpreter\linkResolver.cpp, line 759]

VM Operations (20 events):
Event: 0.629 Executing VM operation: ChangeBreakpoints
Event: 0.629 Executing VM operation: ChangeBreakpoints done
Event: 0.629 Executing VM operation: ChangeBreakpoints
Event: 0.630 Executing VM operation: ChangeBreakpoints done
Event: 0.630 Executing VM operation: ChangeBreakpoints
Event: 0.630 Executing VM operation: ChangeBreakpoints done
Event: 0.648 Executing VM operation: HandshakeAllThreads
Event: 0.648 Executing VM operation: HandshakeAllThreads done
Event: 0.663 Executing VM operation: HandshakeAllThreads
Event: 0.663 Executing VM operation: HandshakeAllThreads done
Event: 0.703 Executing VM operation: HandshakeAllThreads
Event: 0.703 Executing VM operation: HandshakeAllThreads done
Event: 0.867 Executing VM operation: HandshakeAllThreads
Event: 0.867 Executing VM operation: HandshakeAllThreads done
Event: 1.031 Executing VM operation: HandshakeAllThreads
Event: 1.031 Executing VM operation: HandshakeAllThreads done
Event: 1.063 Executing VM operation: G1CollectForAllocation
Event: 1.068 Executing VM operation: G1CollectForAllocation done
Event: 1.199 Executing VM operation: HandshakeAllThreads
Event: 1.199 Executing VM operation: HandshakeAllThreads done

Events (20 events):
Event: 1.209 loading class org/glassfish/jersey/client/spi/DefaultSslContextProvider
Event: 1.209 loading class org/glassfish/jersey/client/spi/DefaultSslContextProvider done
Event: 1.209 loading class jakarta/ws/rs/client/WebTarget
Event: 1.209 loading class jakarta/ws/rs/client/WebTarget done
Event: 1.209 loading class jakarta/ws/rs/client/Invocation$Builder
Event: 1.209 loading class jakarta/ws/rs/client/Invocation$Builder done
Event: 1.209 loading class jakarta/ws/rs/client/SyncInvoker
Event: 1.209 loading class jakarta/ws/rs/client/SyncInvoker done
Event: 1.210 loading class org/glassfish/jersey/client/JerseyClient$1
Event: 1.210 loading class org/glassfish/jersey/client/JerseyClient$1 done
Event: 1.210 loading class java/util/concurrent/LinkedBlockingDeque
Event: 1.210 loading class java/util/concurrent/BlockingDeque
Event: 1.210 loading class java/util/concurrent/BlockingDeque done
Event: 1.210 loading class java/util/concurrent/LinkedBlockingDeque done
Event: 1.210 loading class org/glassfish/jersey/client/ClientConfig$State
Event: 1.210 loading class org/glassfish/jersey/client/ClientConfig$State done
Event: 1.211 loading class org/glassfish/jersey/client/JerseyClient$2
Event: 1.211 loading class org/glassfish/jersey/client/JerseyClient$2 done
Event: 1.211 loading class org/glassfish/jersey/internal/util/collection/Values$LazyUnsafeValueImpl
Event: 1.211 loading class org/glassfish/jersey/internal/util/collection/Values$LazyUnsafeValueImpl done


Dynamic libraries:
0x00007ff616c70000 - 0x00007ff616c7e000 	C:\Users\salmi\.jdks\azul-17.0.6\bin\java.exe
0x00007ffef8830000 - 0x00007ffef8a44000 	C:\WINDOWS\SYSTEM32\ntdll.dll
0x00007ffef6770000 - 0x00007ffef6833000 	C:\WINDOWS\System32\KERNEL32.DLL
0x00007ffef61e0000 - 0x00007ffef657c000 	C:\WINDOWS\System32\KERNELBASE.dll
0x00000000755d0000 - 0x0000000075900000 	C:\Program Files\Norton Security\NortonData\22.22.11.12\Definitions\IPSDefs\20230202.061\IPSEng64.dll
0x00007ffef7c30000 - 0x00007ffef7cde000 	C:\WINDOWS\System32\ADVAPI32.dll
0x00007ffef6fc0000 - 0x00007ffef7067000 	C:\WINDOWS\System32\msvcrt.dll
0x00007ffef6e10000 - 0x00007ffef6eb4000 	C:\WINDOWS\System32\sechost.dll
0x00007ffef7070000 - 0x00007ffef7185000 	C:\WINDOWS\System32\RPCRT4.dll
0x00007ffef6840000 - 0x00007ffef6848000 	C:\WINDOWS\System32\PSAPI.DLL
0x00007ffef5c70000 - 0x00007ffef5d81000 	C:\WINDOWS\System32\ucrtbase.dll
0x00007ffe77000000 - 0x00007ffe77018000 	C:\Users\salmi\.jdks\azul-17.0.6\bin\jli.dll
0x00007ffe77060000 - 0x00007ffe7707b000 	C:\Users\salmi\.jdks\azul-17.0.6\bin\VCRUNTIME140.dll
0x00007ffef6850000 - 0x00007ffef69fd000 	C:\WINDOWS\System32\USER32.dll
0x00007ffef6020000 - 0x00007ffef6046000 	C:\WINDOWS\System32\win32u.dll
0x00007ffef6b80000 - 0x00007ffef6ba9000 	C:\WINDOWS\System32\GDI32.dll
0x00007ffef5d90000 - 0x00007ffef5ea2000 	C:\WINDOWS\System32\gdi32full.dll
0x00007ffef6050000 - 0x00007ffef60ea000 	C:\WINDOWS\System32\msvcp_win.dll
0x00007ffedef40000 - 0x00007ffedf1ce000 	C:\WINDOWS\WinSxS\amd64_microsoft.windows.common-controls_6595b64144ccf1df_6.0.22621.608_none_a9444ca7c10bb01d\COMCTL32.dll
0x00007ffef6ae0000 - 0x00007ffef6b12000 	C:\WINDOWS\System32\IMM32.DLL
0x00007ffe77050000 - 0x00007ffe7705c000 	C:\Users\salmi\.jdks\azul-17.0.6\bin\vcruntime140_1.dll
0x00007ffe75e00000 - 0x00007ffe75e8d000 	C:\Users\salmi\.jdks\azul-17.0.6\bin\msvcp140.dll
0x00007ffe74e90000 - 0x00007ffe75af5000 	C:\Users\salmi\.jdks\azul-17.0.6\bin\server\jvm.dll
0x00007ffeef470000 - 0x00007ffeef47a000 	C:\WINDOWS\SYSTEM32\VERSION.dll
0x00007ffeec380000 - 0x00007ffeec3b4000 	C:\WINDOWS\SYSTEM32\WINMM.dll
0x00007ffec53b0000 - 0x00007ffec53b9000 	C:\WINDOWS\SYSTEM32\WSOCK32.dll
0x00007ffef7ea0000 - 0x00007ffef7f11000 	C:\WINDOWS\System32\WS2_32.dll
0x00007ffef4d70000 - 0x00007ffef4d88000 	C:\WINDOWS\SYSTEM32\kernel.appcore.dll
0x00007ffe76ff0000 - 0x00007ffe76ffa000 	C:\Users\salmi\.jdks\azul-17.0.6\bin\jimage.dll
0x00007ffeea1d0000 - 0x00007ffeea3fe000 	C:\WINDOWS\SYSTEM32\DBGHELP.DLL
0x00007ffef8400000 - 0x00007ffef878a000 	C:\WINDOWS\System32\combase.dll
0x00007ffef6a00000 - 0x00007ffef6ad7000 	C:\WINDOWS\System32\OLEAUT32.dll
0x00007ffedfc20000 - 0x00007ffedfc52000 	C:\WINDOWS\SYSTEM32\dbgcore.DLL
0x00007ffef6160000 - 0x00007ffef61db000 	C:\WINDOWS\System32\bcryptPrimitives.dll
0x00007ffee0990000 - 0x00007ffee09cb000 	C:\Users\salmi\.jdks\azul-17.0.6\bin\jdwp.dll
0x00007ffee3bd0000 - 0x00007ffee3bde000 	C:\Users\salmi\.jdks\azul-17.0.6\bin\instrument.dll
0x00007ffe76fc0000 - 0x00007ffe76fe5000 	C:\Users\salmi\.jdks\azul-17.0.6\bin\java.dll
0x00007ffe74ce0000 - 0x00007ffe74cf8000 	C:\Users\salmi\.jdks\azul-17.0.6\bin\zip.dll
0x00007ffe74db0000 - 0x00007ffe74e87000 	C:\Users\salmi\.jdks\azul-17.0.6\bin\jsvml.dll
0x00007ffef7340000 - 0x00007ffef7b2f000 	C:\WINDOWS\System32\SHELL32.dll
0x00007ffef3c40000 - 0x00007ffef4508000 	C:\WINDOWS\SYSTEM32\windows.storage.dll
0x00007ffef3b00000 - 0x00007ffef3c3e000 	C:\WINDOWS\SYSTEM32\wintypes.dll
0x00007ffef7b30000 - 0x00007ffef7c21000 	C:\WINDOWS\System32\SHCORE.dll
0x00007ffef7f20000 - 0x00007ffef7f7e000 	C:\WINDOWS\System32\shlwapi.dll
0x00007ffef5ba0000 - 0x00007ffef5bc1000 	C:\WINDOWS\SYSTEM32\profapi.dll
0x00007ffee3550000 - 0x00007ffee355c000 	C:\Users\salmi\.jdks\azul-17.0.6\bin\dt_socket.dll
0x00007ffef47e0000 - 0x00007ffef480d000 	C:\WINDOWS\SYSTEM32\IPHLPAPI.DLL
0x00007ffef51e0000 - 0x00007ffef5249000 	C:\WINDOWS\system32\mswsock.dll
0x00007ffe75b70000 - 0x00007ffe75b89000 	C:\Users\salmi\.jdks\azul-17.0.6\bin\net.dll
0x00007ffeef2b0000 - 0x00007ffeef3df000 	C:\WINDOWS\SYSTEM32\WINHTTP.dll
0x00007ffe74d00000 - 0x00007ffe74d16000 	C:\Users\salmi\.jdks\azul-17.0.6\bin\nio.dll
0x00007ffef13f0000 - 0x00007ffef13f9000 	C:\Users\salmi\.jdks\azul-17.0.6\bin\management.dll
0x00007ffef13e0000 - 0x00007ffef13eb000 	C:\Users\salmi\.jdks\azul-17.0.6\bin\management_ext.dll
0x00007ffec8fc0000 - 0x00007ffec8fd7000 	C:\WINDOWS\system32\napinsp.dll
0x00007ffec8fa0000 - 0x00007ffec8fbb000 	C:\WINDOWS\system32\pnrpnsp.dll
0x00007ffef4850000 - 0x00007ffef4943000 	C:\WINDOWS\SYSTEM32\DNSAPI.dll
0x00007ffef7330000 - 0x00007ffef7339000 	C:\WINDOWS\System32\NSI.dll
0x00007ffec6fa0000 - 0x00007ffec6fb1000 	C:\WINDOWS\System32\winrnr.dll
0x00007ffeefc60000 - 0x00007ffeefc75000 	C:\WINDOWS\system32\wshbth.dll
0x00007ffec6f70000 - 0x00007ffec6f91000 	C:\WINDOWS\system32\nlansp_c.dll
0x00007ffee92e0000 - 0x00007ffee92ea000 	C:\Windows\System32\rasadhlp.dll
0x00007ffeed690000 - 0x00007ffeed713000 	C:\WINDOWS\System32\fwpuclnt.dll

dbghelp: loaded successfully - version: 4.0.5 - missing functions: none
symbol engine: initialized successfully - sym options: 0x614 - pdb path: .;C:\Users\salmi\.jdks\azul-17.0.6\bin;C:\WINDOWS\SYSTEM32;C:\Program Files\Norton Security\NortonData\22.22.11.12\Definitions\IPSDefs\20230202.061;C:\WINDOWS\WinSxS\amd64_microsoft.windows.common-controls_6595b64144ccf1df_6.0.22621.608_none_a9444ca7c10bb01d;C:\Users\salmi\.jdks\azul-17.0.6\bin\server

VM Arguments:
jvm_args: -agentlib:jdwp=transport=dt_socket,address=127.0.0.1:53537,suspend=y,server=n -ea -Didea.test.cyclic.buffer.size=1048576 -javaagent:C:\Users\salmi\AppData\Local\JetBrains\Toolbox\apps\IDEA-U\ch-0\223.8617.56\plugins\java\lib\rt\debugger-agent.jar -Dfile.encoding=UTF-8 
java_command: com.intellij.rt.junit.JUnitStarter -ideVersion5 -junit5 com.evergent.client.RestClientTest
java_class_path (initial): C:\Users\salmi\.m2\repository\org\junit\platform\junit-platform-launcher\1.9.0\junit-platform-launcher-1.9.0.jar;C:\Users\salmi\AppData\Local\JetBrains\Toolbox\apps\IDEA-U\ch-0\223.8617.56\lib\idea_rt.jar;C:\Users\salmi\AppData\Local\JetBrains\Toolbox\apps\IDEA-U\ch-0\223.8617.56\plugins\junit\lib\junit5-rt.jar;C:\Users\salmi\AppData\Local\JetBrains\Toolbox\apps\IDEA-U\ch-0\223.8617.56\plugins\junit\lib\junit-rt.jar;D:\UserFolders\IdeaProjects\Personal\NewTechnologies\RestClient\RestClient\target\test-classes;D:\UserFolders\IdeaProjects\Personal\NewTechnologies\RestClient\RestClient\target\classes;C:\Users\salmi\.m2\repository\org\projectlombok\lombok\1.18.24\lombok-1.18.24.jar;C:\Users\salmi\.m2\repository\org\glassfish\jersey\core\jersey-client\3.1.0\jersey-client-3.1.0.jar;C:\Users\salmi\.m2\repository\jakarta\ws\rs\jakarta.ws.rs-api\3.1.0\jakarta.ws.rs-api-3.1.0.jar;C:\Users\salmi\.m2\repository\org\glassfish\jersey\core\jersey-common\3.1.0\jersey-common-3.1.0.jar;C:\Users\salmi\.m2\repository\jakarta\annotation\jakarta.annotation-api\2.1.1\jakarta.annotation-api-2.1.1.jar;C:\Users\salmi\.m2\repository\org\glassfish\hk2\osgi-resource-locator\1.0.3\osgi-resource-locator-1.0.3.jar;C:\Users\salmi\.m2\repository\jakarta\inject\jakarta.inject-api\2.0.1\jakarta.inject-api-2.0.1.jar;C:\Users\salmi\.m2\repository\org\glassfish\jersey\media\jersey-media-json-jackson\3.1.1\jersey-media-json-jackson-3.1.1.jar;C:\Users\salmi\.m2\repository\org\glassfish\jersey\ext\jersey-entity-filtering\3.1.1\jersey-entity-filtering-3.1.1.jar;C:\Users\salmi\.m2\repository\com\fasterxml\jackson\core\jackson-annotations\2.14.1\jackson-annotations-2.14.1.jar;C:\Users\salmi\.m2\repository\com\fasterxml\jackson\core\jackson-databind\2.14.1\jackson-databind-2.14.1.jar;C:\Users\salmi\.m2\repository\com\fasterxml\jackson\core\jackson-core\2.14.1\jackson-core-2.14.1.jar;C:\Users\salmi\.m2\repository\com\fasterxml\jackson\module\jackson-module-jakarta-xmlbind-annotations
Launcher Type: SUN_STANDARD

[Global flags]
     intx CICompilerCount                          = 12                                        {product} {ergonomic}
     uint ConcGCThreads                            = 3                                         {product} {ergonomic}
     uint G1ConcRefinementThreads                  = 13                                        {product} {ergonomic}
   size_t G1HeapRegionSize                         = 8388608                                   {product} {ergonomic}
    uintx GCDrainStackTargetSize                   = 64                                        {product} {ergonomic}
   size_t InitialHeapSize                          = 1073741824                                {product} {ergonomic}
   size_t MarkStackSize                            = 4194304                                   {product} {ergonomic}
   size_t MaxHeapSize                              = 17095983104                               {product} {ergonomic}
   size_t MaxNewSize                               = 10250878976                               {product} {ergonomic}
   size_t MinHeapDeltaBytes                        = 8388608                                   {product} {ergonomic}
   size_t MinHeapSize                              = 8388608                                   {product} {ergonomic}
    uintx NonNMethodCodeHeapSize                   = 7602480                                {pd product} {ergonomic}
    uintx NonProfiledCodeHeapSize                  = 122027880                              {pd product} {ergonomic}
    uintx ProfiledCodeHeapSize                     = 122027880                              {pd product} {ergonomic}
    uintx ReservedCodeCacheSize                    = 251658240                              {pd product} {ergonomic}
     bool SegmentedCodeCache                       = true                                      {product} {ergonomic}
   size_t SoftMaxHeapSize                          = 17095983104                            {manageable} {ergonomic}
     bool UseCompressedClassPointers               = true                           {product lp64_product} {ergonomic}
     bool UseCompressedOops                        = true                           {product lp64_product} {ergonomic}
     bool UseG1GC                                  = true                                      {product} {ergonomic}
     bool UseLargePagesIndividualAllocation        = false                                  {pd product} {ergonomic}

Logging:
Log output configuration:
 #0: stdout all=warning uptime,level,tags
 #1: stderr all=off uptime,level,tags

Environment Variables:
JAVA_HOME=C:\Program Files\Zulu\zulu-19\
PATH=C:\Program Files\Zulu\zulu-19\bin\;C:\Windows\system32;C:\Windows;C:\Windows\System32\Wbem;C:\Windows\System32\WindowsPowerShell\v1.0\;C:\Windows\System32\OpenSSH\;C:\Program Files\NVIDIA Corporation\NVIDIA NvDLISR;C:\Program Files (x86)\NVIDIA Corporation\PhysX\Common;C:\WINDOWS\system32;C:\WINDOWS;C:\WINDOWS\System32\Wbem;C:\WINDOWS\System32\WindowsPowerShell\v1.0\;C:\WINDOWS\System32\OpenSSH\;C:\Program Files\Git\cmd;C:\Program Files\MySQL\MySQL Shell 8.0\bin\;C:\Users\salmi\AppData\Local\Microsoft\WindowsApps;C:\Users\salmi\AppData\Local\JetBrains\Toolbox\scripts;
USERNAME=salmi
OS=Windows_NT
PROCESSOR_IDENTIFIER=Intel64 Family 6 Model 85 Stepping 4, GenuineIntel
TMP=C:\Users\salmi\AppData\Local\Temp
TEMP=C:\Users\salmi\AppData\Local\Temp



---------------  S Y S T E M  ---------------

OS:
 Windows 11 , 64 bit Build 22621 (10.0.22621.1194)
OS uptime: 0 days 6:41 hours
Hyper-V role detected

CPU: total 16 (initial active 16) (8 cores per cpu, 2 threads per core) family 6 model 85 stepping 4 microcode 0x2006a08, cx8, cmov, fxsr, ht, mmx, 3dnowpref, sse, sse2, sse3, ssse3, sse4.1, sse4.2, popcnt, lzcnt, tsc, tscinvbit, avx, avx2, aes, erms, clmul, bmi1, bmi2, rtm, adx, fma, vzeroupper, clflush, clflushopt, clwb, hv

Memory: 4k page, system-wide physical 65214M (50743M free)
TotalPageFile size 69310M (AvailPageFile size 48459M)
current process WorkingSet (physical memory assigned to process): 143M, peak: 148M
current process commit charge ("private bytes"): 1203M, peak: 1209M

vm_info: OpenJDK 64-Bit Server VM (17.0.6+10-LTS) for windows-amd64 JRE (17.0.6+10-LTS) (Zulu17.40+19-CA), built on Jan  4 2023 14:58:55 by "zulu_re" with MS VC++ 16.10 / 16.11 (VS2019)

END.
